<?xml version="1.0" encoding="UTF-8"?>
<!-- Generated by org.testng.reporters.JUnitReportReporter -->
<testsuite hostname="DESKTOP-KCJU303" failures="0" tests="1" name="com.xyzbank.qa.testcases.TC003_AddNewCustomerTest" time="15.444" errors="0" timestamp="2024-03-06T22:02:26 PST" skipped="0">
  <testcase classname="com.xyzbank.qa.testcases.TC003_AddNewCustomerTest" name="verifyManagerLogin" time="15.444"/>
</testsuite> <!-- com.xyzbank.qa.testcases.TC003_AddNewCustomerTest -->
